<?xml version="1.0" encoding="UTF-8"?>
<testsuite name="TestSumParts" tests="1" skipped="0" failures="0" errors="0" timestamp="2022-03-28T16:54:55" hostname="ZVERZVE-NOOR0T6" time="0.06">
  <properties/>
  <testcase name="checkAnswer_WithSmallAndNegativeNumber_ReturnException()" classname="TestSumParts" time="0.06"/>
  <system-out><![CDATA[]]></system-out>
  <system-err><![CDATA[]]></system-err>
</testsuite>
